<?xml version="1.0" encoding="UTF-8"?>
<testng-results skipped="0" failed="0" total="1" passed="1">
  <reporter-output>
  </reporter-output>
  <suite name="Default suite" duration-ms="17665" started-at="2015-07-10T09:23:19Z" finished-at="2015-07-10T09:23:37Z">
    <groups>
    </groups>
    <test name="Default test" duration-ms="17665" started-at="2015-07-10T09:23:19Z" finished-at="2015-07-10T09:23:37Z">
      <class name="com.spring.javabrains.TestBaseClass">
        <test-method status="PASS" signature="springTestContextBeforeTestClass()[pri:0, instance:com.spring.javabrains.TestBaseClass@7ca48474]" name="springTestContextBeforeTestClass" is-config="true" duration-ms="8" started-at="2015-07-10T14:53:19Z" finished-at="2015-07-10T14:53:19Z">
          <reporter-output>
          </reporter-output>
        </test-method> <!-- springTestContextBeforeTestClass -->
        <test-method status="PASS" signature="springTestContextPrepareTestInstance()[pri:0, instance:com.spring.javabrains.TestBaseClass@7ca48474]" name="springTestContextPrepareTestInstance" is-config="true" duration-ms="17631" started-at="2015-07-10T14:53:19Z" depends-on-methods="org.springframework.test.context.testng.AbstractTestNGSpringContextTests.springTestContextBeforeTestClass" finished-at="2015-07-10T14:53:37Z">
          <reporter-output>
          </reporter-output>
        </test-method> <!-- springTestContextPrepareTestInstance -->
        <test-method status="PASS" signature="springTestContextBeforeTestMethod(java.lang.reflect.Method)[pri:0, instance:com.spring.javabrains.TestBaseClass@7ca48474]" name="springTestContextBeforeTestMethod" is-config="true" duration-ms="1" started-at="2015-07-10T14:53:37Z" finished-at="2015-07-10T14:53:37Z">
          <params>
            <param index="0">
              <value>
                <![CDATA[public void com.spring.javabrains.TestBaseClass.testgetEnvDetails()]]>
              </value>
            </param>
          </params>
          <reporter-output>
          </reporter-output>
        </test-method> <!-- springTestContextBeforeTestMethod -->
        <test-method status="PASS" signature="testgetEnvDetails()[pri:0, instance:com.spring.javabrains.TestBaseClass@7ca48474]" name="testgetEnvDetails" duration-ms="8" started-at="2015-07-10T14:53:37Z" finished-at="2015-07-10T14:53:37Z">
          <reporter-output>
          </reporter-output>
        </test-method> <!-- testgetEnvDetails -->
        <test-method status="PASS" signature="springTestContextAfterTestMethod(java.lang.reflect.Method)[pri:0, instance:com.spring.javabrains.TestBaseClass@7ca48474]" name="springTestContextAfterTestMethod" is-config="true" duration-ms="1" started-at="2015-07-10T14:53:37Z" finished-at="2015-07-10T14:53:37Z">
          <params>
            <param index="0">
              <value>
                <![CDATA[public void com.spring.javabrains.TestBaseClass.testgetEnvDetails()]]>
              </value>
            </param>
          </params>
          <reporter-output>
          </reporter-output>
        </test-method> <!-- springTestContextAfterTestMethod -->
        <test-method status="PASS" signature="springTestContextAfterTestClass()[pri:0, instance:com.spring.javabrains.TestBaseClass@7ca48474]" name="springTestContextAfterTestClass" is-config="true" duration-ms="1" started-at="2015-07-10T14:53:37Z" finished-at="2015-07-10T14:53:37Z">
          <reporter-output>
          </reporter-output>
        </test-method> <!-- springTestContextAfterTestClass -->
      </class> <!-- com.spring.javabrains.TestBaseClass -->
    </test> <!-- Default test -->
  </suite> <!-- Default suite -->
</testng-results>
